<?xml version="1.0" encoding="UTF-8"?>
<!-- Generated by org.testng.reporters.JUnitReportReporter -->
<testsuite hostname="DESKTOP-7M45HPA" name="project_1.EbaySearchSonyTest" tests="1" failures="0" timestamp="31 Aug 2021 12:44:35 GMT" time="3.972" errors="0">
  <testcase name="test_1" time="3.972" classname="project_1.EbaySearchSonyTest"/>
</testsuite> <!-- project_1.EbaySearchSonyTest -->
