<?xml version="1.0" encoding="UTF-8"?>
<!-- Generated by org.testng.reporters.JUnitReportReporter -->
<testsuite hostname="DESKTOP-7M45HPA" name="project_1.EbaySearchAppleTest" tests="1" failures="0" timestamp="31 Aug 2021 12:44:35 GMT" time="5.784" errors="0">
  <testcase name="test_1" time="5.784" classname="project_1.EbaySearchAppleTest"/>
</testsuite> <!-- project_1.EbaySearchAppleTest -->
