<?xml version="1.0" encoding="UTF-8"?>
<!-- Generated by org.testng.reporters.JUnitReportReporter -->
<testsuite hostname="DESKTOP-7M45HPA" name="project_1.SearchWoodenSpoonTest" tests="1" failures="0" timestamp="31 Aug 2021 12:44:35 GMT" time="8.108" errors="0">
  <testcase name="test_1" time="8.108" classname="project_1.SearchWoodenSpoonTest"/>
</testsuite> <!-- project_1.SearchWoodenSpoonTest -->
